<?xml version="1.0" encoding="UTF-8"?>
<robot generator="Rebot 7.0.1 (Python 3.10.7 on win32)" generated="2024-06-30T23:40:13.659641" rpa="false" schemaversion="5">
<suite id="s1" name="Tests" source="D:\Robo_Frame_Projects\robo_test1\Tests">
<suite id="s1-s1" name="Practologin" source="D:\Robo_Frame_Projects\robo_test1\Tests\practologin.robot">
<test id="s1-s1-t1" name="TC_01 Validate the Practo LoginPage" line="8">
<kw name="launch practo website" owner="practohome_key" type="SETUP">
<kw name="Open Browser" owner="SeleniumLibrary">
<msg time="2024-06-30T23:39:22.989672" level="INFO">Opening browser 'chrome' to base url 'https://www.practo.com/'.</msg>
<arg>${url}</arg>
<arg>${browser}</arg>
<arg>options=add_argument("--window-size=1920,1080")</arg>
<doc>Opens a new browser instance to the optional ``url``.</doc>
<status status="PASS" start="2024-06-30T23:39:22.989672" elapsed="2.140994"/>
</kw>
<kw name="Maximize Browser Window" owner="SeleniumLibrary">
<doc>Maximizes current browser window.</doc>
<status status="PASS" start="2024-06-30T23:39:25.131165" elapsed="4.891481"/>
</kw>
<kw name="Get Title" owner="SeleniumLibrary">
<msg time="2024-06-30T23:39:30.027658" level="INFO">${title} = Practo | Video Consultation with Doctors, Book Doctor Appointments, Order Medicine, Diagnostic Tests</msg>
<var>${title}</var>
<doc>Returns the title of the current page.</doc>
<status status="PASS" start="2024-06-30T23:39:30.023656" elapsed="0.004002"/>
</kw>
<kw name="Log To Console" owner="BuiltIn">
<arg>${title}</arg>
<doc>Logs the given message to the console.</doc>
<status status="PASS" start="2024-06-30T23:39:30.027658" elapsed="0.001000"/>
</kw>
<status status="PASS" start="2024-06-30T23:39:22.988196" elapsed="7.040462"/>
</kw>
<kw name="perform sanity on practo homepage" owner="practohome_key">
<kw name="click once visible" owner="practohome_key">
<kw name="Wait Until Element Is Visible" owner="SeleniumLibrary">
<arg>${locator}</arg>
<arg>40</arg>
<doc>Waits until the element ``locator`` is visible.</doc>
<status status="PASS" start="2024-06-30T23:39:30.030684" elapsed="0.023420"/>
</kw>
<kw name="Click Element" owner="SeleniumLibrary">
<msg time="2024-06-30T23:39:30.054104" level="INFO">Clicking element 'xpath://span[@class='practo-logo']//a[@event='Practo Logo:Interacted:Consumer Nav']'.</msg>
<arg>${locator}</arg>
<doc>Click the element identified by ``locator``.</doc>
<status status="PASS" start="2024-06-30T23:39:30.054104" elapsed="1.068208"/>
</kw>
<arg>${practo_home_logo}</arg>
<status status="PASS" start="2024-06-30T23:39:30.029654" elapsed="1.092658"/>
</kw>
<kw name="click once visible" owner="practohome_key">
<kw name="Wait Until Element Is Visible" owner="SeleniumLibrary">
<arg>${locator}</arg>
<arg>40</arg>
<doc>Waits until the element ``locator`` is visible.</doc>
<status status="PASS" start="2024-06-30T23:39:31.123317" elapsed="0.028960"/>
</kw>
<kw name="Click Element" owner="SeleniumLibrary">
<msg time="2024-06-30T23:39:31.153374" level="INFO">Clicking element 'xpath://div[normalize-space()='Find Doctors']'.</msg>
<arg>${locator}</arg>
<doc>Click the element identified by ``locator``.</doc>
<status status="PASS" start="2024-06-30T23:39:31.152277" elapsed="5.240065"/>
</kw>
<arg>${find_doctors_ban}</arg>
<status status="PASS" start="2024-06-30T23:39:31.122312" elapsed="5.270667"/>
</kw>
<kw name="click once visible" owner="practohome_key">
<kw name="Wait Until Element Is Visible" owner="SeleniumLibrary">
<arg>${locator}</arg>
<arg>40</arg>
<doc>Waits until the element ``locator`` is visible.</doc>
<status status="PASS" start="2024-06-30T23:39:36.395016" elapsed="0.036199"/>
</kw>
<kw name="Click Element" owner="SeleniumLibrary">
<msg time="2024-06-30T23:39:36.431215" level="INFO">Clicking element 'xpath://div[normalize-space()='Video Consult']'.</msg>
<arg>${locator}</arg>
<doc>Click the element identified by ``locator``.</doc>
<status status="PASS" start="2024-06-30T23:39:36.431215" elapsed="1.152914"/>
</kw>
<arg>${video_consult_ban}</arg>
<status status="PASS" start="2024-06-30T23:39:36.394019" elapsed="1.190613"/>
</kw>
<kw name="click once visible" owner="practohome_key">
<kw name="Wait Until Element Is Visible" owner="SeleniumLibrary">
<arg>${locator}</arg>
<arg>40</arg>
<doc>Waits until the element ``locator`` is visible.</doc>
<status status="PASS" start="2024-06-30T23:39:37.585643" elapsed="0.029496"/>
</kw>
<kw name="Click Element" owner="SeleniumLibrary">
<msg time="2024-06-30T23:39:37.616284" level="INFO">Clicking element 'xpath://div[normalize-space()='Surgeries' and @class='product-tab__title']'.</msg>
<arg>${locator}</arg>
<doc>Click the element identified by ``locator``.</doc>
<status status="PASS" start="2024-06-30T23:39:37.615139" elapsed="0.665069"/>
</kw>
<arg>${surgeries_ban}</arg>
<status status="PASS" start="2024-06-30T23:39:37.584632" elapsed="0.696573"/>
</kw>
<kw name="Page Should Contain Element" owner="SeleniumLibrary">
<msg time="2024-06-30T23:39:38.291801" level="INFO">Current page contains element 'xpath://a[@name='Practo login']'.</msg>
<arg>${login_btn}</arg>
<doc>Verifies that element ``locator`` is found on the current page.</doc>
<status status="PASS" start="2024-06-30T23:39:38.281205" elapsed="0.010596"/>
</kw>
<kw name="click once visible" owner="practohome_key">
<kw name="Wait Until Element Is Visible" owner="SeleniumLibrary">
<arg>${locator}</arg>
<arg>40</arg>
<doc>Waits until the element ``locator`` is visible.</doc>
<status status="PASS" start="2024-06-30T23:39:38.292803" elapsed="0.018242"/>
</kw>
<kw name="Click Element" owner="SeleniumLibrary">
<msg time="2024-06-30T23:39:38.312044" level="INFO">Clicking element 'css:span[event='Nav Provider Marketing:Interacted:Plus Corporate']'.</msg>
<arg>${locator}</arg>
<doc>Click the element identified by ``locator``.</doc>
<status status="PASS" start="2024-06-30T23:39:38.311045" elapsed="0.068260"/>
</kw>
<arg>${corporate_ban}</arg>
<status status="PASS" start="2024-06-30T23:39:38.291801" elapsed="0.087504"/>
</kw>
<kw name="click once visible" owner="practohome_key">
<kw name="Wait Until Element Is Visible" owner="SeleniumLibrary">
<arg>${locator}</arg>
<arg>40</arg>
<doc>Waits until the element ``locator`` is visible.</doc>
<status status="PASS" start="2024-06-30T23:39:38.379807" elapsed="0.035594"/>
</kw>
<kw name="Click Element" owner="SeleniumLibrary">
<msg time="2024-06-30T23:39:38.416508" level="INFO">Clicking element 'xpath://span[normalize-space()='For Providers']'.</msg>
<arg>${locator}</arg>
<doc>Click the element identified by ``locator``.</doc>
<status status="PASS" start="2024-06-30T23:39:38.415401" elapsed="0.053264"/>
</kw>
<arg>${provider_ban}</arg>
<status status="PASS" start="2024-06-30T23:39:38.379807" elapsed="0.088858"/>
</kw>
<kw name="click once visible" owner="practohome_key">
<kw name="Wait Until Element Is Visible" owner="SeleniumLibrary">
<arg>${locator}</arg>
<arg>40</arg>
<doc>Waits until the element ``locator`` is visible.</doc>
<status status="PASS" start="2024-06-30T23:39:38.469726" elapsed="0.087701"/>
</kw>
<kw name="Click Element" owner="SeleniumLibrary">
<msg time="2024-06-30T23:39:38.558429" level="INFO">Clicking element 'xpath://span[normalize-space()='Security &amp; help']'.</msg>
<arg>${locator}</arg>
<doc>Click the element identified by ``locator``.</doc>
<status status="PASS" start="2024-06-30T23:39:38.558429" elapsed="0.040478"/>
</kw>
<arg>${security_ban}</arg>
<status status="PASS" start="2024-06-30T23:39:38.469726" elapsed="0.129181"/>
</kw>
<kw name="click once visible" owner="practohome_key">
<kw name="Wait Until Element Is Visible" owner="SeleniumLibrary">
<arg>${locator}</arg>
<arg>40</arg>
<doc>Waits until the element ``locator`` is visible.</doc>
<status status="PASS" start="2024-06-30T23:39:38.599958" elapsed="0.018293"/>
</kw>
<kw name="Click Element" owner="SeleniumLibrary">
<msg time="2024-06-30T23:39:38.619276" level="INFO">Clicking element 'xpath://span[@class='practo-logo']//a[@event='Practo Logo:Interacted:Consumer Nav']'.</msg>
<arg>${locator}</arg>
<doc>Click the element identified by ``locator``.</doc>
<status status="PASS" start="2024-06-30T23:39:38.618251" elapsed="0.899918"/>
</kw>
<arg>${practo_home_logo}</arg>
<status status="PASS" start="2024-06-30T23:39:38.598907" elapsed="0.920280"/>
</kw>
<kw name="click once visible" owner="practohome_key">
<kw name="Wait Until Element Is Visible" owner="SeleniumLibrary">
<arg>${locator}</arg>
<arg>40</arg>
<doc>Waits until the element ``locator`` is visible.</doc>
<status status="PASS" start="2024-06-30T23:39:39.521257" elapsed="0.029200"/>
</kw>
<kw name="Click Element" owner="SeleniumLibrary">
<msg time="2024-06-30T23:39:39.551441" level="INFO">Clicking element 'css:div.c-omni-searchbox_wrapper&gt;input[data-qa-id='omni-searchbox-keyword']'.</msg>
<arg>${locator}</arg>
<doc>Click the element identified by ``locator``.</doc>
<status status="PASS" start="2024-06-30T23:39:39.551441" elapsed="0.099272"/>
</kw>
<arg>${doc_search_txt_box}</arg>
<status status="PASS" start="2024-06-30T23:39:39.520279" elapsed="0.130434"/>
</kw>
<kw name="click once visible" owner="practohome_key">
<kw name="Wait Until Element Is Visible" owner="SeleniumLibrary">
<arg>${locator}</arg>
<arg>40</arg>
<doc>Waits until the element ``locator`` is visible.</doc>
<status status="PASS" start="2024-06-30T23:39:39.651715" elapsed="0.027524"/>
</kw>
<kw name="Click Element" owner="SeleniumLibrary">
<msg time="2024-06-30T23:39:39.679239" level="INFO">Clicking element 'css:input[data-qa-id='omni-searchbox-locality']'.</msg>
<arg>${locator}</arg>
<doc>Click the element identified by ``locator``.</doc>
<status status="PASS" start="2024-06-30T23:39:39.679239" elapsed="0.068661"/>
</kw>
<arg>${location_box}</arg>
<status status="PASS" start="2024-06-30T23:39:39.650713" elapsed="0.097729"/>
</kw>
<status status="PASS" start="2024-06-30T23:39:30.028658" elapsed="9.719784"/>
</kw>
<kw name="close practo website" owner="practohome_key" type="TEARDOWN">
<kw name="Close All Browsers" owner="SeleniumLibrary">
<doc>Closes all open browsers and resets the browser cache.</doc>
<status status="PASS" start="2024-06-30T23:39:39.749560" elapsed="6.236875"/>
</kw>
<status status="PASS" start="2024-06-30T23:39:39.748442" elapsed="6.237993"/>
</kw>
<status status="PASS" start="2024-06-30T23:39:22.986885" elapsed="22.999550"/>
</test>
<test id="s1-s1-t2" name="TC_02 Check location" line="11">
<kw name="launch practo website" owner="practohome_key" type="SETUP">
<kw name="Open Browser" owner="SeleniumLibrary">
<msg time="2024-06-30T23:39:45.992173" level="INFO">Opening browser 'chrome' to base url 'https://www.practo.com/'.</msg>
<arg>${url}</arg>
<arg>${browser}</arg>
<arg>options=add_argument("--window-size=1920,1080")</arg>
<doc>Opens a new browser instance to the optional ``url``.</doc>
<status status="PASS" start="2024-06-30T23:39:45.991176" elapsed="5.524330"/>
</kw>
<kw name="Maximize Browser Window" owner="SeleniumLibrary">
<doc>Maximizes current browser window.</doc>
<status status="PASS" start="2024-06-30T23:39:51.515506" elapsed="0.041946"/>
</kw>
<kw name="Get Title" owner="SeleniumLibrary">
<msg time="2024-06-30T23:39:51.564488" level="INFO">${title} = Practo | Video Consultation with Doctors, Book Doctor Appointments, Order Medicine, Diagnostic Tests</msg>
<var>${title}</var>
<doc>Returns the title of the current page.</doc>
<status status="PASS" start="2024-06-30T23:39:51.557452" elapsed="0.007036"/>
</kw>
<kw name="Log To Console" owner="BuiltIn">
<arg>${title}</arg>
<doc>Logs the given message to the console.</doc>
<status status="PASS" start="2024-06-30T23:39:51.565587" elapsed="0.001076"/>
</kw>
<status status="PASS" start="2024-06-30T23:39:45.990151" elapsed="5.576512"/>
</kw>
<kw name="Perform location check" owner="practohome_key">
<kw name="Read values from excel" owner="practohome_key">
<kw name="Open Excel Document" owner="ExcelLibrary">
<arg>D:/Robo_Frame_Projects/robo_test1/Tests.xlsx</arg>
<arg>my_excel</arg>
<doc>Opens xlsx document file.</doc>
<status status="PASS" start="2024-06-30T23:39:51.568618" elapsed="0.004267"/>
</kw>
<kw name="Read Excel Cell" owner="ExcelLibrary">
<msg time="2024-06-30T23:39:51.573872" level="INFO">${cell_value} = Hyderabad</msg>
<var>${cell_value}</var>
<arg>${row_num}</arg>
<arg>${col_num}</arg>
<doc>Returns content of a cell.</doc>
<status status="PASS" start="2024-06-30T23:39:51.572885" elapsed="0.000987"/>
</kw>
<kw name="Log To Console" owner="BuiltIn">
<arg>${cell_value}</arg>
<doc>Logs the given message to the console.</doc>
<status status="PASS" start="2024-06-30T23:39:51.573872" elapsed="0.000000"/>
</kw>
<kw name="Close Current Excel Document" owner="ExcelLibrary">
<doc>Closes current document.</doc>
<status status="PASS" start="2024-06-30T23:39:51.573872" elapsed="0.000000"/>
</kw>
<return>
<value>${cell_value}</value>
<status status="PASS" start="2024-06-30T23:39:51.574795" elapsed="0.000000"/>
</return>
<msg time="2024-06-30T23:39:51.574795" level="INFO">${city} = Hyderabad</msg>
<var>${city}</var>
<arg>2</arg>
<arg>1</arg>
<status status="PASS" start="2024-06-30T23:39:51.567589" elapsed="0.007206"/>
</kw>
<kw name="Input Text" owner="SeleniumLibrary">
<msg time="2024-06-30T23:39:51.575690" level="INFO">Typing text 'Hyderabad' into text field 'css:input[data-qa-id='omni-searchbox-locality']'.</msg>
<arg>${location_box}</arg>
<arg>${city}</arg>
<arg>True</arg>
<doc>Types the given ``text`` into the text field identified by ``locator``.</doc>
<status status="PASS" start="2024-06-30T23:39:51.574795" elapsed="0.197217"/>
</kw>
<kw name="Sleep" owner="BuiltIn">
<msg time="2024-06-30T23:39:56.782209" level="INFO">Slept 5 seconds.</msg>
<arg>5s</arg>
<doc>Pauses the test executed for the given time.</doc>
<status status="PASS" start="2024-06-30T23:39:51.772670" elapsed="5.009539"/>
</kw>
<kw name="Read values from excel" owner="practohome_key">
<kw name="Open Excel Document" owner="ExcelLibrary">
<arg>D:/Robo_Frame_Projects/robo_test1/Tests.xlsx</arg>
<arg>my_excel</arg>
<doc>Opens xlsx document file.</doc>
<status status="PASS" start="2024-06-30T23:39:56.784298" elapsed="0.009956"/>
</kw>
<kw name="Read Excel Cell" owner="ExcelLibrary">
<msg time="2024-06-30T23:39:56.795231" level="INFO">${cell_value} = Bangalore</msg>
<var>${cell_value}</var>
<arg>${row_num}</arg>
<arg>${col_num}</arg>
<doc>Returns content of a cell.</doc>
<status status="PASS" start="2024-06-30T23:39:56.794254" elapsed="0.000977"/>
</kw>
<kw name="Log To Console" owner="BuiltIn">
<arg>${cell_value}</arg>
<doc>Logs the given message to the console.</doc>
<status status="PASS" start="2024-06-30T23:39:56.796310" elapsed="0.000000"/>
</kw>
<kw name="Close Current Excel Document" owner="ExcelLibrary">
<doc>Closes current document.</doc>
<status status="PASS" start="2024-06-30T23:39:56.797299" elapsed="0.000000"/>
</kw>
<return>
<value>${cell_value}</value>
<status status="PASS" start="2024-06-30T23:39:56.797299" elapsed="0.000000"/>
</return>
<msg time="2024-06-30T23:39:56.798300" level="INFO">${city} = Bangalore</msg>
<var>${city}</var>
<arg>3</arg>
<arg>1</arg>
<status status="PASS" start="2024-06-30T23:39:56.783304" elapsed="0.014996"/>
</kw>
<kw name="Input Text" owner="SeleniumLibrary">
<msg time="2024-06-30T23:39:56.799306" level="INFO">Typing text 'Bangalore' into text field 'css:input[data-qa-id='omni-searchbox-locality']'.</msg>
<arg>${location_box}</arg>
<arg>${city}</arg>
<arg>True</arg>
<doc>Types the given ``text`` into the text field identified by ``locator``.</doc>
<status status="PASS" start="2024-06-30T23:39:56.798300" elapsed="0.105535"/>
</kw>
<kw name="Sleep" owner="BuiltIn">
<msg time="2024-06-30T23:40:01.911560" level="INFO">Slept 5 seconds.</msg>
<arg>5s</arg>
<doc>Pauses the test executed for the given time.</doc>
<status status="PASS" start="2024-06-30T23:39:56.903835" elapsed="5.007725"/>
</kw>
<kw name="Read values from excel" owner="practohome_key">
<kw name="Open Excel Document" owner="ExcelLibrary">
<arg>D:/Robo_Frame_Projects/robo_test1/Tests.xlsx</arg>
<arg>my_excel</arg>
<doc>Opens xlsx document file.</doc>
<status status="PASS" start="2024-06-30T23:40:01.912562" elapsed="0.010999"/>
</kw>
<kw name="Read Excel Cell" owner="ExcelLibrary">
<msg time="2024-06-30T23:40:01.925520" level="INFO">${cell_value} = Udupi</msg>
<var>${cell_value}</var>
<arg>${row_num}</arg>
<arg>${col_num}</arg>
<doc>Returns content of a cell.</doc>
<status status="PASS" start="2024-06-30T23:40:01.924572" elapsed="0.000948"/>
</kw>
<kw name="Log To Console" owner="BuiltIn">
<arg>${cell_value}</arg>
<doc>Logs the given message to the console.</doc>
<status status="PASS" start="2024-06-30T23:40:01.926475" elapsed="0.001088"/>
</kw>
<kw name="Close Current Excel Document" owner="ExcelLibrary">
<doc>Closes current document.</doc>
<status status="PASS" start="2024-06-30T23:40:01.927563" elapsed="0.001010"/>
</kw>
<return>
<value>${cell_value}</value>
<status status="PASS" start="2024-06-30T23:40:01.928573" elapsed="0.000000"/>
</return>
<msg time="2024-06-30T23:40:01.928573" level="INFO">${city} = Udupi</msg>
<var>${city}</var>
<arg>4</arg>
<arg>1</arg>
<status status="PASS" start="2024-06-30T23:40:01.911560" elapsed="0.018006"/>
</kw>
<kw name="Input Text" owner="SeleniumLibrary">
<msg time="2024-06-30T23:40:01.930577" level="INFO">Typing text 'Udupi' into text field 'css:input[data-qa-id='omni-searchbox-locality']'.</msg>
<arg>${location_box}</arg>
<arg>${city}</arg>
<arg>True</arg>
<doc>Types the given ``text`` into the text field identified by ``locator``.</doc>
<status status="PASS" start="2024-06-30T23:40:01.929566" elapsed="0.100744"/>
</kw>
<kw name="Sleep" owner="BuiltIn">
<msg time="2024-06-30T23:40:07.041049" level="INFO">Slept 5 seconds.</msg>
<arg>5s</arg>
<doc>Pauses the test executed for the given time.</doc>
<status status="PASS" start="2024-06-30T23:40:02.030310" elapsed="5.010739"/>
</kw>
<status status="PASS" start="2024-06-30T23:39:51.567589" elapsed="15.473460"/>
</kw>
<kw name="close practo website" owner="practohome_key" type="TEARDOWN">
<kw name="Close All Browsers" owner="SeleniumLibrary">
<doc>Closes all open browsers and resets the browser cache.</doc>
<status status="PASS" start="2024-06-30T23:40:07.044144" elapsed="6.259220"/>
</kw>
<status status="PASS" start="2024-06-30T23:40:07.042140" elapsed="6.261224"/>
</kw>
<status status="PASS" start="2024-06-30T23:39:45.987432" elapsed="27.315932"/>
</test>
<status status="PASS" start="2024-06-30T23:39:22.531000" elapsed="50.773180"/>
</suite>
<suite id="s1-s2" name="Practohome" source="D:\Robo_Frame_Projects\robo_test1\Tests\practohome.robot">
<test id="s1-s2-t1" name="TC_01 Validate the Practo HomePage" line="8">
<kw name="launch practo website" owner="practohome_key" type="SETUP">
<kw name="Open Browser" owner="SeleniumLibrary">
<msg time="2024-06-30T23:39:22.959224" level="INFO">Opening browser 'chrome' to base url 'https://www.practo.com/'.</msg>
<arg>${url}</arg>
<arg>${browser}</arg>
<arg>options=add_argument("--window-size=1920,1080")</arg>
<doc>Opens a new browser instance to the optional ``url``.</doc>
<status status="PASS" start="2024-06-30T23:39:22.958226" elapsed="4.897323"/>
</kw>
<kw name="Maximize Browser Window" owner="SeleniumLibrary">
<doc>Maximizes current browser window.</doc>
<status status="PASS" start="2024-06-30T23:39:27.855549" elapsed="0.044780"/>
</kw>
<kw name="Get Title" owner="SeleniumLibrary">
<msg time="2024-06-30T23:39:27.910954" level="INFO">${title} = Practo | Video Consultation with Doctors, Book Doctor Appointments, Order Medicine, Diagnostic Tests</msg>
<var>${title}</var>
<doc>Returns the title of the current page.</doc>
<status status="PASS" start="2024-06-30T23:39:27.901329" elapsed="0.009625"/>
</kw>
<kw name="Log To Console" owner="BuiltIn">
<arg>${title}</arg>
<doc>Logs the given message to the console.</doc>
<status status="PASS" start="2024-06-30T23:39:27.911544" elapsed="0.000000"/>
</kw>
<status status="PASS" start="2024-06-30T23:39:22.957224" elapsed="4.954320"/>
</kw>
<kw name="perform sanity on practo homepage" owner="practohome_key">
<kw name="click once visible" owner="practohome_key">
<kw name="Wait Until Element Is Visible" owner="SeleniumLibrary">
<arg>${locator}</arg>
<arg>40</arg>
<doc>Waits until the element ``locator`` is visible.</doc>
<status status="PASS" start="2024-06-30T23:39:27.915930" elapsed="0.031552"/>
</kw>
<kw name="Click Element" owner="SeleniumLibrary">
<msg time="2024-06-30T23:39:27.948484" level="INFO">Clicking element 'xpath://span[@class='practo-logo']//a[@event='Practo Logo:Interacted:Consumer Nav']'.</msg>
<arg>${locator}</arg>
<doc>Click the element identified by ``locator``.</doc>
<status status="PASS" start="2024-06-30T23:39:27.947482" elapsed="0.643611"/>
</kw>
<arg>${practo_home_logo}</arg>
<status status="PASS" start="2024-06-30T23:39:27.914401" elapsed="0.676692"/>
</kw>
<kw name="click once visible" owner="practohome_key">
<kw name="Wait Until Element Is Visible" owner="SeleniumLibrary">
<arg>${locator}</arg>
<arg>40</arg>
<doc>Waits until the element ``locator`` is visible.</doc>
<status status="PASS" start="2024-06-30T23:39:28.591609" elapsed="0.039414"/>
</kw>
<kw name="Click Element" owner="SeleniumLibrary">
<msg time="2024-06-30T23:39:28.632436" level="INFO">Clicking element 'xpath://div[normalize-space()='Find Doctors']'.</msg>
<arg>${locator}</arg>
<doc>Click the element identified by ``locator``.</doc>
<status status="PASS" start="2024-06-30T23:39:28.631536" elapsed="8.795876"/>
</kw>
<arg>${find_doctors_ban}</arg>
<status status="PASS" start="2024-06-30T23:39:28.591609" elapsed="8.836091"/>
</kw>
<kw name="click once visible" owner="practohome_key">
<kw name="Wait Until Element Is Visible" owner="SeleniumLibrary">
<arg>${locator}</arg>
<arg>40</arg>
<doc>Waits until the element ``locator`` is visible.</doc>
<status status="PASS" start="2024-06-30T23:39:37.429219" elapsed="0.039094"/>
</kw>
<kw name="Click Element" owner="SeleniumLibrary">
<msg time="2024-06-30T23:39:37.468313" level="INFO">Clicking element 'xpath://div[normalize-space()='Video Consult']'.</msg>
<arg>${locator}</arg>
<doc>Click the element identified by ``locator``.</doc>
<status status="PASS" start="2024-06-30T23:39:37.468313" elapsed="1.248169"/>
</kw>
<arg>${video_consult_ban}</arg>
<status status="PASS" start="2024-06-30T23:39:37.428203" elapsed="1.288488"/>
</kw>
<kw name="click once visible" owner="practohome_key">
<kw name="Wait Until Element Is Visible" owner="SeleniumLibrary">
<arg>${locator}</arg>
<arg>40</arg>
<doc>Waits until the element ``locator`` is visible.</doc>
<status status="PASS" start="2024-06-30T23:39:38.717291" elapsed="0.027433"/>
</kw>
<kw name="Click Element" owner="SeleniumLibrary">
<msg time="2024-06-30T23:39:38.745722" level="INFO">Clicking element 'xpath://div[normalize-space()='Surgeries' and @class='product-tab__title']'.</msg>
<arg>${locator}</arg>
<doc>Click the element identified by ``locator``.</doc>
<status status="PASS" start="2024-06-30T23:39:38.745222" elapsed="1.261760"/>
</kw>
<arg>${surgeries_ban}</arg>
<status status="PASS" start="2024-06-30T23:39:38.716691" elapsed="1.290794"/>
</kw>
<kw name="Page Should Contain Element" owner="SeleniumLibrary">
<msg time="2024-06-30T23:39:40.035365" level="INFO">Current page contains element 'xpath://a[@name='Practo login']'.</msg>
<arg>${login_btn}</arg>
<doc>Verifies that element ``locator`` is found on the current page.</doc>
<status status="PASS" start="2024-06-30T23:39:40.007485" elapsed="0.027880"/>
</kw>
<kw name="click once visible" owner="practohome_key">
<kw name="Wait Until Element Is Visible" owner="SeleniumLibrary">
<arg>${locator}</arg>
<arg>40</arg>
<doc>Waits until the element ``locator`` is visible.</doc>
<status status="PASS" start="2024-06-30T23:39:40.037454" elapsed="0.033468"/>
</kw>
<kw name="Click Element" owner="SeleniumLibrary">
<msg time="2024-06-30T23:39:40.072788" level="INFO">Clicking element 'css:span[event='Nav Provider Marketing:Interacted:Plus Corporate']'.</msg>
<arg>${locator}</arg>
<doc>Click the element identified by ``locator``.</doc>
<status status="PASS" start="2024-06-30T23:39:40.070922" elapsed="0.104674"/>
</kw>
<arg>${corporate_ban}</arg>
<status status="PASS" start="2024-06-30T23:39:40.036458" elapsed="0.139637"/>
</kw>
<kw name="click once visible" owner="practohome_key">
<kw name="Wait Until Element Is Visible" owner="SeleniumLibrary">
<arg>${locator}</arg>
<arg>40</arg>
<doc>Waits until the element ``locator`` is visible.</doc>
<status status="PASS" start="2024-06-30T23:39:40.176095" elapsed="0.035960"/>
</kw>
<kw name="Click Element" owner="SeleniumLibrary">
<msg time="2024-06-30T23:39:40.213056" level="INFO">Clicking element 'xpath://span[normalize-space()='For Providers']'.</msg>
<arg>${locator}</arg>
<doc>Click the element identified by ``locator``.</doc>
<status status="PASS" start="2024-06-30T23:39:40.213056" elapsed="0.131178"/>
</kw>
<arg>${provider_ban}</arg>
<status status="PASS" start="2024-06-30T23:39:40.176095" elapsed="0.168139"/>
</kw>
<kw name="click once visible" owner="practohome_key">
<kw name="Wait Until Element Is Visible" owner="SeleniumLibrary">
<arg>${locator}</arg>
<arg>40</arg>
<doc>Waits until the element ``locator`` is visible.</doc>
<status status="PASS" start="2024-06-30T23:39:40.345255" elapsed="0.019087"/>
</kw>
<kw name="Click Element" owner="SeleniumLibrary">
<msg time="2024-06-30T23:39:40.365368" level="INFO">Clicking element 'xpath://span[normalize-space()='Security &amp; help']'.</msg>
<arg>${locator}</arg>
<doc>Click the element identified by ``locator``.</doc>
<status status="PASS" start="2024-06-30T23:39:40.364342" elapsed="0.044907"/>
</kw>
<arg>${security_ban}</arg>
<status status="PASS" start="2024-06-30T23:39:40.344234" elapsed="0.065015"/>
</kw>
<kw name="click once visible" owner="practohome_key">
<kw name="Wait Until Element Is Visible" owner="SeleniumLibrary">
<arg>${locator}</arg>
<arg>40</arg>
<doc>Waits until the element ``locator`` is visible.</doc>
<status status="PASS" start="2024-06-30T23:39:40.410766" elapsed="0.021559"/>
</kw>
<kw name="Click Element" owner="SeleniumLibrary">
<msg time="2024-06-30T23:39:40.433344" level="INFO">Clicking element 'xpath://span[@class='practo-logo']//a[@event='Practo Logo:Interacted:Consumer Nav']'.</msg>
<arg>${locator}</arg>
<doc>Click the element identified by ``locator``.</doc>
<status status="PASS" start="2024-06-30T23:39:40.432325" elapsed="0.650405"/>
</kw>
<arg>${practo_home_logo}</arg>
<status status="PASS" start="2024-06-30T23:39:40.409657" elapsed="0.673073"/>
</kw>
<kw name="click once visible" owner="practohome_key">
<kw name="Wait Until Element Is Visible" owner="SeleniumLibrary">
<arg>${locator}</arg>
<arg>40</arg>
<doc>Waits until the element ``locator`` is visible.</doc>
<status status="PASS" start="2024-06-30T23:39:41.083834" elapsed="0.035101"/>
</kw>
<kw name="Click Element" owner="SeleniumLibrary">
<msg time="2024-06-30T23:39:41.119913" level="INFO">Clicking element 'css:div.c-omni-searchbox_wrapper&gt;input[data-qa-id='omni-searchbox-keyword']'.</msg>
<arg>${locator}</arg>
<doc>Click the element identified by ``locator``.</doc>
<status status="PASS" start="2024-06-30T23:39:41.118935" elapsed="0.072850"/>
</kw>
<arg>${doc_search_txt_box}</arg>
<status status="PASS" start="2024-06-30T23:39:41.083834" elapsed="0.108952"/>
</kw>
<kw name="click once visible" owner="practohome_key">
<kw name="Wait Until Element Is Visible" owner="SeleniumLibrary">
<arg>${locator}</arg>
<arg>40</arg>
<doc>Waits until the element ``locator`` is visible.</doc>
<status status="PASS" start="2024-06-30T23:39:41.193792" elapsed="0.025198"/>
</kw>
<kw name="Click Element" owner="SeleniumLibrary">
<msg time="2024-06-30T23:39:41.219992" level="INFO">Clicking element 'css:input[data-qa-id='omni-searchbox-locality']'.</msg>
<arg>${locator}</arg>
<doc>Click the element identified by ``locator``.</doc>
<status status="PASS" start="2024-06-30T23:39:41.218990" elapsed="0.041582"/>
</kw>
<arg>${location_box}</arg>
<status status="PASS" start="2024-06-30T23:39:41.192786" elapsed="0.068285"/>
</kw>
<status status="PASS" start="2024-06-30T23:39:27.912649" elapsed="13.348422"/>
</kw>
<kw name="close practo website" owner="practohome_key" type="TEARDOWN">
<kw name="Close All Browsers" owner="SeleniumLibrary">
<doc>Closes all open browsers and resets the browser cache.</doc>
<status status="PASS" start="2024-06-30T23:39:41.261459" elapsed="6.248977"/>
</kw>
<status status="PASS" start="2024-06-30T23:39:41.261459" elapsed="6.249739"/>
</kw>
<status status="PASS" start="2024-06-30T23:39:22.957224" elapsed="24.553974"/>
</test>
<test id="s1-s2-t2" name="TC_02 Validate the location List" line="11">
<kw name="launch practo website" owner="practohome_key" type="SETUP">
<kw name="Open Browser" owner="SeleniumLibrary">
<msg time="2024-06-30T23:39:47.515264" level="INFO">Opening browser 'chrome' to base url 'https://www.practo.com/'.</msg>
<arg>${url}</arg>
<arg>${browser}</arg>
<arg>options=add_argument("--window-size=1920,1080")</arg>
<doc>Opens a new browser instance to the optional ``url``.</doc>
<status status="PASS" start="2024-06-30T23:39:47.513907" elapsed="5.342270"/>
</kw>
<kw name="Maximize Browser Window" owner="SeleniumLibrary">
<doc>Maximizes current browser window.</doc>
<status status="PASS" start="2024-06-30T23:39:52.856177" elapsed="0.023574"/>
</kw>
<kw name="Get Title" owner="SeleniumLibrary">
<msg time="2024-06-30T23:39:52.885991" level="INFO">${title} = Practo | Video Consultation with Doctors, Book Doctor Appointments, Order Medicine, Diagnostic Tests</msg>
<var>${title}</var>
<doc>Returns the title of the current page.</doc>
<status status="PASS" start="2024-06-30T23:39:52.880252" elapsed="0.006746"/>
</kw>
<kw name="Log To Console" owner="BuiltIn">
<arg>${title}</arg>
<doc>Logs the given message to the console.</doc>
<status status="PASS" start="2024-06-30T23:39:52.886998" elapsed="0.000983"/>
</kw>
<status status="PASS" start="2024-06-30T23:39:47.513092" elapsed="5.374889"/>
</kw>
<kw name="validate the location list" owner="practohome_key">
<kw name="click once visible" owner="practohome_key">
<kw name="Wait Until Element Is Visible" owner="SeleniumLibrary">
<arg>${locator}</arg>
<arg>40</arg>
<doc>Waits until the element ``locator`` is visible.</doc>
<status status="PASS" start="2024-06-30T23:39:52.888982" elapsed="0.017240"/>
</kw>
<kw name="Click Element" owner="SeleniumLibrary">
<msg time="2024-06-30T23:39:52.907311" level="INFO">Clicking element 'css:input[data-qa-id='omni-searchbox-locality']'.</msg>
<arg>${locator}</arg>
<doc>Click the element identified by ``locator``.</doc>
<status status="PASS" start="2024-06-30T23:39:52.906222" elapsed="0.051206"/>
</kw>
<arg>${location_box}</arg>
<status status="PASS" start="2024-06-30T23:39:52.888982" elapsed="0.068948"/>
</kw>
<kw name="Element Should Be Visible" owner="SeleniumLibrary">
<msg time="2024-06-30T23:39:52.986486" level="INFO">Element 'css:div.c-omni-suggestion-list' is displayed.</msg>
<arg>${loc_suggestion_list}</arg>
<doc>Verifies that the element identified by ``locator`` is visible.</doc>
<status status="PASS" start="2024-06-30T23:39:52.958427" elapsed="0.028059"/>
</kw>
<kw name="Get WebElements" owner="SeleniumLibrary">
<msg time="2024-06-30T23:39:52.997568" level="INFO">@{element_list} = [ &lt;selenium.webdriver.remote.webelement.WebElement (session="7822171b87d43aed70fa30c1a36a8858", element="f.8B1784A7BCF44B07E45C714FA75DD9F1.d.B442E56ADD2F6EE2629CC06AF0BCB5D5.e.21")&gt; ]</msg>
<var>@{element_list}</var>
<arg>${loc_suggestion_list}</arg>
<doc>Returns a list of WebElement objects matching the ``locator``.</doc>
<status status="PASS" start="2024-06-30T23:39:52.987441" elapsed="0.010127"/>
</kw>
<for flavor="IN">
<iter>
<kw name="Get Text" owner="SeleniumLibrary">
<msg time="2024-06-30T23:39:53.018264" level="INFO">${element_text} = Use my location
Search in entire Udupi</msg>
<var>${element_text}</var>
<arg>${element}</arg>
<doc>Returns the text value of the element identified by ``locator``.</doc>
<status status="PASS" start="2024-06-30T23:39:52.998748" elapsed="0.019516"/>
</kw>
<kw name="Log To Console" owner="BuiltIn">
<arg>${element_text}</arg>
<doc>Logs the given message to the console.</doc>
<status status="PASS" start="2024-06-30T23:39:53.019293" elapsed="0.000000"/>
</kw>
<var name="${element}">&lt;selenium.webdriver.remote.webelement.WebElement (session="7822171b87d43aed70fa30c1a36a8858", element="f.8B1784A7BCF44B07E45C714FA75DD9F1.d.B442E56ADD2F6EE2629CC06AF0BCB5D5.e.21")&gt;</var>
<status status="PASS" start="2024-06-30T23:39:52.997568" elapsed="0.021725"/>
</iter>
<var>${element}</var>
<value>@{element_list}</value>
<status status="PASS" start="2024-06-30T23:39:52.997568" elapsed="0.021725"/>
</for>
<kw name="click once visible" owner="practohome_key">
<kw name="Wait Until Element Is Visible" owner="SeleniumLibrary">
<arg>${locator}</arg>
<arg>40</arg>
<doc>Waits until the element ``locator`` is visible.</doc>
<status status="PASS" start="2024-06-30T23:39:53.020372" elapsed="0.056778"/>
</kw>
<kw name="Click Element" owner="SeleniumLibrary">
<msg time="2024-06-30T23:39:53.078650" level="INFO">Clicking element 'css:input[data-qa-id='omni-searchbox-locality']'.</msg>
<arg>${locator}</arg>
<doc>Click the element identified by ``locator``.</doc>
<status status="PASS" start="2024-06-30T23:39:53.077651" elapsed="0.039486"/>
</kw>
<arg>${location_box}</arg>
<status status="PASS" start="2024-06-30T23:39:53.020372" elapsed="0.096765"/>
</kw>
<kw name="Element Should Be Visible" owner="SeleniumLibrary">
<msg time="2024-06-30T23:39:53.132142" level="INFO">Element 'css:div.c-omni-suggestion-group' is displayed.</msg>
<arg>${loc_suggestion_group}</arg>
<doc>Verifies that the element identified by ``locator`` is visible.</doc>
<status status="PASS" start="2024-06-30T23:39:53.118158" elapsed="0.013984"/>
</kw>
<kw name="Get WebElements" owner="SeleniumLibrary">
<msg time="2024-06-30T23:39:53.137135" level="INFO">@{group_list} = [ &lt;selenium.webdriver.remote.webelement.WebElement (session="7822171b87d43aed70fa30c1a36a8858", element="f.8B1784A7BCF44B07E45C714FA75DD9F1.d.B442E56ADD2F6EE2629CC06AF0BCB5D5.e.21")&gt; ]</msg>
<var>@{group_list}</var>
<arg>${loc_suggestion_list}</arg>
<doc>Returns a list of WebElement objects matching the ``locator``.</doc>
<status status="PASS" start="2024-06-30T23:39:53.132142" elapsed="0.004993"/>
</kw>
<for flavor="IN">
<iter>
<kw name="Get Text" owner="SeleniumLibrary">
<msg time="2024-06-30T23:39:53.157106" level="INFO">${group_list_text} = Use my location
Search in entire Udupi
Manipal
Udupi
Udupi
Udupi
Car Street
Udupi
Ambalapadi
Udupi
Padubidri
Udupi
Udupi Courts
Udupi
Shivalli
Udupi
Sasthan
Udupi
Santhekatte
Udupi
Parkala
Udupi</msg>
<var>${group_list_text}</var>
<arg>${element}</arg>
<doc>Returns the text value of the element identified by ``locator``.</doc>
<status status="PASS" start="2024-06-30T23:39:53.138137" elapsed="0.018969"/>
</kw>
<kw name="Log To Console" owner="BuiltIn">
<arg>${group_list_text}</arg>
<doc>Logs the given message to the console.</doc>
<status status="PASS" start="2024-06-30T23:39:53.158145" elapsed="0.000000"/>
</kw>
<var name="${element}">&lt;selenium.webdriver.remote.webelement.WebElement (session="7822171b87d43aed70fa30c1a36a8858", element="f.8B1784A7BCF44B07E45C714FA75DD9F1.d.B442E56ADD2F6EE2629CC06AF0BCB5D5.e.21")&gt;</var>
<status status="PASS" start="2024-06-30T23:39:53.138137" elapsed="0.020008"/>
</iter>
<var>${element}</var>
<value>@{group_list}</value>
<status status="PASS" start="2024-06-30T23:39:53.138137" elapsed="0.020008"/>
</for>
<status status="PASS" start="2024-06-30T23:39:52.887981" elapsed="0.270164"/>
</kw>
<kw name="close practo website" owner="practohome_key" type="TEARDOWN">
<kw name="Close All Browsers" owner="SeleniumLibrary">
<doc>Closes all open browsers and resets the browser cache.</doc>
<status status="PASS" start="2024-06-30T23:39:53.159121" elapsed="2.129511"/>
</kw>
<status status="PASS" start="2024-06-30T23:39:53.159121" elapsed="2.129511"/>
</kw>
<status status="PASS" start="2024-06-30T23:39:47.511198" elapsed="7.777434"/>
</test>
<status status="PASS" start="2024-06-30T23:39:22.521242" elapsed="32.769316"/>
</suite>
<suite id="s1-s3" name="Practoinsurance" source="D:\Robo_Frame_Projects\robo_test1\Tests\practoinsurance.robot">
<test id="s1-s3-t1" name="TC_01 Validate group insurance check" line="8">
<kw name="launch practo website" owner="practohome_key" type="SETUP">
<kw name="Open Browser" owner="SeleniumLibrary">
<msg time="2024-06-30T23:39:22.987711" level="INFO">Opening browser 'chrome' to base url 'https://www.practo.com/'.</msg>
<arg>${url}</arg>
<arg>${browser}</arg>
<arg>options=add_argument("--window-size=1920,1080")</arg>
<doc>Opens a new browser instance to the optional ``url``.</doc>
<status status="PASS" start="2024-06-30T23:39:22.986885" elapsed="5.474442"/>
</kw>
<kw name="Maximize Browser Window" owner="SeleniumLibrary">
<doc>Maximizes current browser window.</doc>
<status status="PASS" start="2024-06-30T23:39:28.462328" elapsed="0.041992"/>
</kw>
<kw name="Get Title" owner="SeleniumLibrary">
<msg time="2024-06-30T23:39:28.512833" level="INFO">${title} = Practo | Video Consultation with Doctors, Book Doctor Appointments, Order Medicine, Diagnostic Tests</msg>
<var>${title}</var>
<doc>Returns the title of the current page.</doc>
<status status="PASS" start="2024-06-30T23:39:28.504320" elapsed="0.008513"/>
</kw>
<kw name="Log To Console" owner="BuiltIn">
<arg>${title}</arg>
<doc>Logs the given message to the console.</doc>
<status status="PASS" start="2024-06-30T23:39:28.512833" elapsed="0.001020"/>
</kw>
<status status="PASS" start="2024-06-30T23:39:22.985851" elapsed="5.528002"/>
</kw>
<kw name="Click on groupinsurance plan" owner="practohome_key">
<kw name="click once visible" owner="practohome_key">
<kw name="Wait Until Element Is Visible" owner="SeleniumLibrary">
<arg>${locator}</arg>
<arg>40</arg>
<doc>Waits until the element ``locator`` is visible.</doc>
<status status="PASS" start="2024-06-30T23:39:28.516778" elapsed="0.036037"/>
</kw>
<kw name="Click Element" owner="SeleniumLibrary">
<msg time="2024-06-30T23:39:28.553892" level="INFO">Clicking element 'css:span[event='Nav Provider Marketing:Interacted:Plus Corporate']'.</msg>
<arg>${locator}</arg>
<doc>Click the element identified by ``locator``.</doc>
<status status="PASS" start="2024-06-30T23:39:28.552815" elapsed="0.073003"/>
</kw>
<arg>${corporate_ban}</arg>
<status status="PASS" start="2024-06-30T23:39:28.514832" elapsed="0.111487"/>
</kw>
<kw name="click once visible" owner="practohome_key">
<kw name="Wait Until Element Is Visible" owner="SeleniumLibrary">
<arg>${locator}</arg>
<arg>40</arg>
<doc>Waits until the element ``locator`` is visible.</doc>
<status status="PASS" start="2024-06-30T23:39:28.626319" elapsed="0.033318"/>
</kw>
<kw name="Click Element" owner="SeleniumLibrary">
<msg time="2024-06-30T23:39:28.660638" level="INFO">Clicking element 'xpath://a[@event='Nav Provider Marketing:Interacted:Plus Corporate' and normalize-space()='Group Insurance']'.</msg>
<arg>${locator}</arg>
<doc>Click the element identified by ``locator``.</doc>
<status status="PASS" start="2024-06-30T23:39:28.660638" elapsed="5.522220"/>
</kw>
<arg>${group_ins_ban}</arg>
<status status="PASS" start="2024-06-30T23:39:28.626319" elapsed="5.556539"/>
</kw>
<status status="PASS" start="2024-06-30T23:39:28.513853" elapsed="5.669005"/>
</kw>
<kw name="close practo website" owner="practohome_key" type="TEARDOWN">
<kw name="Close All Browsers" owner="SeleniumLibrary">
<doc>Closes all open browsers and resets the browser cache.</doc>
<status status="PASS" start="2024-06-30T23:39:34.183886" elapsed="6.196379"/>
</kw>
<status status="PASS" start="2024-06-30T23:39:34.183886" elapsed="6.196379"/>
</kw>
<status status="PASS" start="2024-06-30T23:39:22.984851" elapsed="17.395414"/>
</test>
<test id="s1-s3-t2" name="TC_02 Validate health insurance plans for corporates" line="11">
<kw name="launch practo website" owner="practohome_key" type="SETUP">
<kw name="Open Browser" owner="SeleniumLibrary">
<msg time="2024-06-30T23:39:40.382511" level="INFO">Opening browser 'chrome' to base url 'https://www.practo.com/'.</msg>
<arg>${url}</arg>
<arg>${browser}</arg>
<arg>options=add_argument("--window-size=1920,1080")</arg>
<doc>Opens a new browser instance to the optional ``url``.</doc>
<status status="PASS" start="2024-06-30T23:39:40.382269" elapsed="2.756665"/>
</kw>
<kw name="Maximize Browser Window" owner="SeleniumLibrary">
<doc>Maximizes current browser window.</doc>
<status status="PASS" start="2024-06-30T23:39:43.138934" elapsed="0.028441"/>
</kw>
<kw name="Get Title" owner="SeleniumLibrary">
<msg time="2024-06-30T23:39:43.179378" level="INFO">${title} = Practo | Video Consultation with Doctors, Book Doctor Appointments, Order Medicine, Diagnostic Tests</msg>
<var>${title}</var>
<doc>Returns the title of the current page.</doc>
<status status="PASS" start="2024-06-30T23:39:43.168355" elapsed="0.011023"/>
</kw>
<kw name="Log To Console" owner="BuiltIn">
<arg>${title}</arg>
<doc>Logs the given message to the console.</doc>
<status status="PASS" start="2024-06-30T23:39:43.179378" elapsed="0.000000"/>
</kw>
<status status="PASS" start="2024-06-30T23:39:40.381266" elapsed="2.799125"/>
</kw>
<kw name="Click on healthinsurance plan" owner="practohome_key">
<kw name="click once visible" owner="practohome_key">
<kw name="Wait Until Element Is Visible" owner="SeleniumLibrary">
<arg>${locator}</arg>
<arg>40</arg>
<doc>Waits until the element ``locator`` is visible.</doc>
<status status="PASS" start="2024-06-30T23:39:43.181387" elapsed="0.025186"/>
</kw>
<kw name="Click Element" owner="SeleniumLibrary">
<msg time="2024-06-30T23:39:43.207575" level="INFO">Clicking element 'css:span[event='Nav Provider Marketing:Interacted:Plus Corporate']'.</msg>
<arg>${locator}</arg>
<doc>Click the element identified by ``locator``.</doc>
<status status="PASS" start="2024-06-30T23:39:43.206573" elapsed="0.087288"/>
</kw>
<arg>${corporate_ban}</arg>
<status status="PASS" start="2024-06-30T23:39:43.180391" elapsed="0.114470"/>
</kw>
<kw name="click once visible" owner="practohome_key">
<kw name="Wait Until Element Is Visible" owner="SeleniumLibrary">
<arg>${locator}</arg>
<arg>40</arg>
<doc>Waits until the element ``locator`` is visible.</doc>
<status status="PASS" start="2024-06-30T23:39:43.295860" elapsed="0.025002"/>
</kw>
<kw name="Click Element" owner="SeleniumLibrary">
<msg time="2024-06-30T23:39:43.321862" level="INFO">Clicking element 'xpath://a[@event='Nav Provider Marketing:Interacted:Plus Corporate' and normalize-space()='Health &amp; Wellness Plans']'.</msg>
<arg>${locator}</arg>
<doc>Click the element identified by ``locator``.</doc>
<status status="PASS" start="2024-06-30T23:39:43.320862" elapsed="10.624787"/>
</kw>
<arg>${health_ins_ban}</arg>
<status status="PASS" start="2024-06-30T23:39:43.294861" elapsed="10.651997"/>
</kw>
<status status="PASS" start="2024-06-30T23:39:43.180391" elapsed="10.766467"/>
</kw>
<kw name="close practo website" owner="practohome_key" type="TEARDOWN">
<kw name="Close All Browsers" owner="SeleniumLibrary">
<doc>Closes all open browsers and resets the browser cache.</doc>
<status status="PASS" start="2024-06-30T23:39:53.949859" elapsed="6.394878"/>
</kw>
<status status="PASS" start="2024-06-30T23:39:53.947855" elapsed="6.397386"/>
</kw>
<status status="PASS" start="2024-06-30T23:39:40.380265" elapsed="19.964976"/>
</test>
<status status="PASS" start="2024-06-30T23:39:22.530243" elapsed="37.814998"/>
</suite>
<doc>[https://pabot.org/?ref=log|Pabot] result from 3 executions.</doc>
<status status="PASS" start="2024-06-30T23:39:22.504000" elapsed="50.791210"/>
</suite>
<statistics>
<total>
<stat pass="6" fail="0" skip="0">All Tests</stat>
</total>
<tag>
</tag>
<suite>
<stat pass="6" fail="0" skip="0" id="s1" name="Tests">Tests</stat>
<stat pass="2" fail="0" skip="0" id="s1-s1" name="Practologin">Tests.Practologin</stat>
<stat pass="2" fail="0" skip="0" id="s1-s2" name="Practohome">Tests.Practohome</stat>
<stat pass="2" fail="0" skip="0" id="s1-s3" name="Practoinsurance">Tests.Practoinsurance</stat>
</suite>
</statistics>
<errors>
</errors>
</robot>
